PLAYING AGAINSTS champely ON MAP 0
X: error on input
O: error on input
./filler won
X: error on input
X: error on input
PLAYING AGAINSTS champely ON MAP 1
./filler won
X: error on input
./filler won
./filler won
PLAYING AGAINSTS champely ON MAP 2
./filler won
./filler won
./filler won
PLAYING AGAINSTS abanlin ON MAP 0
./players/abanlin.filler won
./players/abanlin.filler won
./players/abanlin.filler won
./players/abanlin.filler won
./filler won
PLAYING AGAINSTS abanlin ON MAP 1
./filler won
./filler won
./filler won
PLAYING AGAINSTS abanlin ON MAP 2
./players/abanlin.filler won
./players/abanlin.filler won
./players/abanlin.filler won
./filler won
./filler won
PLAYING AGAINSTS hcao ON MAP 0
./players/hcao.filler won
./players/hcao.filler won
./filler won
./players/hcao.filler won
./filler won
PLAYING AGAINSTS hcao ON MAP 1
./filler won
./filler won
./filler won
PLAYING AGAINSTS hcao ON MAP 2
./filler won
./players/hcao.filler won
./filler won
./players/hcao.filler won
./filler won
PLAYING AGAINSTS grati ON MAP 0
./filler won
./players/grati.filler won
./filler won
./filler won
PLAYING AGAINSTS grati ON MAP 1
./players/grati.filler won
./filler won
./filler won
./players/grati.filler won
./players/grati.filler won
PLAYING AGAINSTS grati ON MAP 2
./filler won
./filler won
./filler won
PLAYING AGAINSTS carli ON MAP 0
./players/carli.filler won
./filler won
./players/carli.filler won
./players/carli.filler won
./players/carli.filler won
PLAYING AGAINSTS carli ON MAP 1
./filler won
./filler won
./players/carli.filler won
./players/carli.filler won
./players/carli.filler won
PLAYING AGAINSTS carli ON MAP 2
./filler won
./players/carli.filler won
./players/carli.filler won
./filler won
./filler won
PLAYING AGAINSTS superjeannot ON MAP 0
./players/superjeannot.filler won
./filler won
./players/superjeannot.filler won
./players/superjeannot.filler won
./filler won
PLAYING AGAINSTS superjeannot ON MAP 1
./filler won
./players/superjeannot.filler won
./filler won
./filler won
PLAYING AGAINSTS superjeannot ON MAP 2
./filler won
./players/superjeannot.filler won
./filler won
